<?xml version="1.0" encoding="UTF-8"?>
<testng-results ignored="0" total="1" passed="1" failed="0" skipped="0">
  <reporter-output>
  </reporter-output>
  <suite started-at="2025-09-26T01:04:20 IST" name="Default suite" finished-at="2025-09-26T01:04:23 IST" duration-ms="2788">
    <groups>
    </groups>
    <test started-at="2025-09-26T01:04:20 IST" name="Default test" finished-at="2025-09-26T01:04:23 IST" duration-ms="2788">
      <class name="minhajacademy.ExtentReports.MyExtentReports">
        <test-method is-config="true" signature="webdriverSetup()[pri:0, instance:minhajacademy.ExtentReports.MyExtentReports@7c7a06ec]" started-at="2025-09-26T01:04:13 IST" name="webdriverSetup" finished-at="2025-09-26T01:04:20 IST" duration-ms="6643" status="PASS">
          <reporter-output>
          </reporter-output>
        </test-method> <!-- webdriverSetup -->
        <test-method is-config="true" signature="config()[pri:0, instance:minhajacademy.ExtentReports.MyExtentReports@7c7a06ec]" started-at="2025-09-26T01:04:20 IST" name="config" finished-at="2025-09-26T01:04:20 IST" duration-ms="52" status="PASS">
          <reporter-output>
          </reporter-output>
        </test-method> <!-- config -->
        <test-method signature="initialRun()[pri:0, instance:minhajacademy.ExtentReports.MyExtentReports@7c7a06ec]" started-at="2025-09-26T01:04:20 IST" name="initialRun" finished-at="2025-09-26T01:04:23 IST" duration-ms="2726" status="PASS">
          <reporter-output>
          </reporter-output>
        </test-method> <!-- initialRun -->
        <test-method is-config="true" signature="tearDown()[pri:0, instance:minhajacademy.ExtentReports.MyExtentReports@7c7a06ec]" started-at="2025-09-26T01:04:23 IST" name="tearDown" finished-at="2025-09-26T01:04:23 IST" duration-ms="215" status="PASS">
          <reporter-output>
          </reporter-output>
        </test-method> <!-- tearDown -->
      </class> <!-- minhajacademy.ExtentReports.MyExtentReports -->
    </test> <!-- Default test -->
  </suite> <!-- Default suite -->
</testng-results>
